<?xml version="1.0" encoding="UTF-8"?>
<!-- Generated by org.testng.reporters.JUnitReportReporter -->
<testsuite hostname="Tausif" failures="0" tests="1" name="com.qa.CargoesCommuity.Tests.LoginTest" time="7.516" errors="1" timestamp="23 Sep 2024 18:40:53 GMT" skipped="0">
  <testcase classname="com.qa.CargoesCommuity.Tests.LoginTest" name="LoginWithValidCreds" time="7.516">
    <error message="Error {
  message=&#039;Target closed
=========================== logs ===========================
waiting for selector &quot;//input[@id=&#039;username&#039;]&quot;
============================================================
  name=&#039;Error
  stack=&#039;Error: Target closed
=========================== logs ===========================
waiting for selector &quot;//input[@id=&#039;username&#039;]&quot;
============================================================
    at C:\Users\tausi\AppData\Local\Temp\playwright-java-16740682782411602580\package\lib\server\chromium\crConnection.js:204:16
    at new Promise (&lt;anonymous&gt;)
    at CRSession.send (C:\Users\tausi\AppData\Local\Temp\playwright-java-16740682782411602580\package\lib\server\chromium\crConnection.js:200:12)
    at CRExecutionContext.evaluateWithArguments (C:\Users\tausi\AppData\Local\Temp\playwright-java-16740682782411602580\package\lib\server\chromium\crExecutionContext.js:89:28)
    at FrameExecutionContext.evaluateWithArguments (C:\Users\tausi\AppData\Local\Temp\playwright-java-16740682782411602580\package\lib\server\javascript.js:73:61)
    at evaluateExpression (C:\Users\tausi\AppData\Local\Temp\playwright-java-16740682782411602580\package\lib\server\javascript.js:264:26)
    at async InjectedScriptPollHandler.finishHandle (C:\Users\tausi\AppData\Local\Temp\playwright-java-16740682782411602580\package\lib\server\dom.js:985:22)
    at async RerunnableTask.rerun (C:\Users\tausi\AppData\Local\Temp\playwright-java-16740682782411602580\package\lib\server\frames.js:1754:73)
}" type="com.microsoft.playwright.PlaywrightException">
      <![CDATA[com.microsoft.playwright.PlaywrightException: Error {
  message='Target closed
=========================== logs ===========================
waiting for selector "//input[@id='username']"
============================================================
  name='Error
  stack='Error: Target closed
=========================== logs ===========================
waiting for selector "//input[@id='username']"
============================================================
    at C:\Users\tausi\AppData\Local\Temp\playwright-java-16740682782411602580\package\lib\server\chromium\crConnection.js:204:16
    at new Promise (<anonymous>)
    at CRSession.send (C:\Users\tausi\AppData\Local\Temp\playwright-java-16740682782411602580\package\lib\server\chromium\crConnection.js:200:12)
    at CRExecutionContext.evaluateWithArguments (C:\Users\tausi\AppData\Local\Temp\playwright-java-16740682782411602580\package\lib\server\chromium\crExecutionContext.js:89:28)
    at FrameExecutionContext.evaluateWithArguments (C:\Users\tausi\AppData\Local\Temp\playwright-java-16740682782411602580\package\lib\server\javascript.js:73:61)
    at evaluateExpression (C:\Users\tausi\AppData\Local\Temp\playwright-java-16740682782411602580\package\lib\server\javascript.js:264:26)
    at async InjectedScriptPollHandler.finishHandle (C:\Users\tausi\AppData\Local\Temp\playwright-java-16740682782411602580\package\lib\server\dom.js:985:22)
    at async RerunnableTask.rerun (C:\Users\tausi\AppData\Local\Temp\playwright-java-16740682782411602580\package\lib\server\frames.js:1754:73)
}
at com.microsoft.playwright.impl.WaitableResult.get(WaitableResult.java:54)
at com.microsoft.playwright.impl.ChannelOwner.runUntil(ChannelOwner.java:103)
at com.microsoft.playwright.impl.Connection.sendMessage(Connection.java:105)
at com.microsoft.playwright.impl.ChannelOwner.sendMessage(ChannelOwner.java:94)
at com.microsoft.playwright.impl.FrameImpl.fillImpl(FrameImpl.java:339)
at com.microsoft.playwright.impl.PageImpl.lambda$fill$27(PageImpl.java:708)
at com.microsoft.playwright.impl.LoggingSupport.lambda$withLogging$0(LoggingSupport.java:36)
at com.microsoft.playwright.impl.LoggingSupport.withLogging(LoggingSupport.java:47)
at com.microsoft.playwright.impl.ChannelOwner.withLogging(ChannelOwner.java:79)
at com.microsoft.playwright.impl.LoggingSupport.withLogging(LoggingSupport.java:35)
at com.microsoft.playwright.impl.PageImpl.fill(PageImpl.java:707)
at com.microsoft.playwright.Page.fill(Page.java:4063)
at com.qa.CargoesCommunity.pages.LoginPage.Login(LoginPage.java:35)
at com.qa.CargoesCommuity.Tests.LoginTest.LoginWithValidCreds(LoginTest.java:20)
at java.base/jdk.internal.reflect.NativeMethodAccessorImpl.invoke0(Native Method)
at java.base/jdk.internal.reflect.NativeMethodAccessorImpl.invoke(NativeMethodAccessorImpl.java:62)
at java.base/jdk.internal.reflect.DelegatingMethodAccessorImpl.invoke(DelegatingMethodAccessorImpl.java:43)
at java.base/java.lang.reflect.Method.invoke(Method.java:566)
at org.testng.internal.MethodInvocationHelper.invokeMethod(MethodInvocationHelper.java:124)
at org.testng.internal.Invoker.invokeMethod(Invoker.java:583)
at org.testng.internal.Invoker.invokeTestMethod(Invoker.java:719)
at org.testng.internal.Invoker.invokeTestMethods(Invoker.java:989)
at org.testng.internal.TestMethodWorker.invokeTestMethods(TestMethodWorker.java:125)
at org.testng.internal.TestMethodWorker.run(TestMethodWorker.java:109)
at org.testng.TestRunner.privateRun(TestRunner.java:648)
at org.testng.TestRunner.run(TestRunner.java:505)
at org.testng.SuiteRunner.runTest(SuiteRunner.java:455)
at org.testng.SuiteRunner.runSequentially(SuiteRunner.java:450)
at org.testng.SuiteRunner.privateRun(SuiteRunner.java:415)
at org.testng.SuiteRunner.run(SuiteRunner.java:364)
at org.testng.SuiteRunnerWorker.runSuite(SuiteRunnerWorker.java:52)
at org.testng.SuiteRunnerWorker.run(SuiteRunnerWorker.java:84)
at org.testng.TestNG.runSuitesSequentially(TestNG.java:1208)
at org.testng.TestNG.runSuitesLocally(TestNG.java:1137)
at org.testng.TestNG.runSuites(TestNG.java:1049)
at org.testng.TestNG.run(TestNG.java:1017)
at org.apache.maven.surefire.testng.TestNGExecutor.run(TestNGExecutor.java:135)
at org.apache.maven.surefire.testng.TestNGDirectoryTestSuite.executeMulti(TestNGDirectoryTestSuite.java:193)
at org.apache.maven.surefire.testng.TestNGDirectoryTestSuite.execute(TestNGDirectoryTestSuite.java:94)
at org.apache.maven.surefire.testng.TestNGProvider.invoke(TestNGProvider.java:146)
at org.apache.maven.surefire.booter.ForkedBooter.invokeProviderInSameClassLoader(ForkedBooter.java:384)
at org.apache.maven.surefire.booter.ForkedBooter.runSuitesInProcess(ForkedBooter.java:345)
at org.apache.maven.surefire.booter.ForkedBooter.execute(ForkedBooter.java:126)
at org.apache.maven.surefire.booter.ForkedBooter.main(ForkedBooter.java:418)
Caused by: com.microsoft.playwright.impl.DriverException: Error {
  message='Target closed
=========================== logs ===========================
waiting for selector "//input[@id='username']"
============================================================
  name='Error
  stack='Error: Target closed
=========================== logs ===========================
waiting for selector "//input[@id='username']"
============================================================
    at C:\Users\tausi\AppData\Local\Temp\playwright-java-16740682782411602580\package\lib\server\chromium\crConnection.js:204:16
    at new Promise (<anonymous>)
    at CRSession.send (C:\Users\tausi\AppData\Local\Temp\playwright-java-16740682782411602580\package\lib\server\chromium\crConnection.js:200:12)
    at CRExecutionContext.evaluateWithArguments (C:\Users\tausi\AppData\Local\Temp\playwright-java-16740682782411602580\package\lib\server\chromium\crExecutionContext.js:89:28)
    at FrameExecutionContext.evaluateWithArguments (C:\Users\tausi\AppData\Local\Temp\playwright-java-16740682782411602580\package\lib\server\javascript.js:73:61)
    at evaluateExpression (C:\Users\tausi\AppData\Local\Temp\playwright-java-16740682782411602580\package\lib\server\javascript.js:264:26)
    at async InjectedScriptPollHandler.finishHandle (C:\Users\tausi\AppData\Local\Temp\playwright-java-16740682782411602580\package\lib\server\dom.js:985:22)
    at async RerunnableTask.rerun (C:\Users\tausi\AppData\Local\Temp\playwright-java-16740682782411602580\package\lib\server\frames.js:1754:73)
}
at com.microsoft.playwright.impl.Connection.dispatch(Connection.java:183)
at com.microsoft.playwright.impl.Connection.processOneMessage(Connection.java:163)
at com.microsoft.playwright.impl.ChannelOwner.runUntil(ChannelOwner.java:101)
... 42 more
]]>
    </error>
  </testcase> <!-- LoginWithValidCreds -->
</testsuite> <!-- com.qa.CargoesCommuity.Tests.LoginTest -->
